(0000) 3000  0011000000000000 (   1)                 .ORIG x3000
(3000) 223E  0010001000111110 (   2)                 LD    R1 score
(3001) 243E  0010010000111110 (   3)                 LD    R2 orderscore
(3002) 2642  0010011001000010 (   4)                 LD    R3 n
(3003) 16E1  0001011011100001 (   5)                 ADD   R3 R3 #1
(3004) 0406  0000010000000110 (   6) LOOP1           BRZ   NEXT1
(3005) 6840  0110100001000000 (   7)                 LDR   R4 R1 #0
(3006) 1261  0001001001100001 (   8)                 ADD   R1 R1 #1
(3007) 7880  0111100010000000 (   9)                 STR   R4 R2 #0
(3008) 14A1  0001010010100001 (  10)                 ADD   R2 R2 #1
(3009) 16FF  0001011011111111 (  11)                 ADD   R3 R3 #-1
(300A) 0FF9  0000111111111001 (  12)                 BRNZP LOOP1
(300B) 2E39  0010111000111001 (  14) NEXT1           LD    R7 n
(300C) 0412  0000010000010010 (  15) LOOP2           BRZ   NEXT2
(300D) 2032  0010000000110010 (  16)                 LD    R0 orderscore
(300E) 2236  0010001000110110 (  17)                 LD    R1 n
(300F) 040D  0000010000001101 (  18) LOOP3           BRZ   NEXT3
(3010) 6400  0110010000000000 (  19)                 LDR   R2 R0 #0
(3011) 1021  0001000000100001 (  20)                 ADD   R0 R0 #1
(3012) 6600  0110011000000000 (  21)                 LDR   R3 R0 #0
(3013) 98BF  1001100010111111 (  22)                 NOT   R4 R2
(3014) 1921  0001100100100001 (  23)                 ADD   R4 R4 #1
(3015) 18C4  0001100011000100 (  24)                 ADD   R4 R3 R4
(3016) 0C04  0000110000000100 (  25)                 BRNZ  Rorder
(3017) 7400  0111010000000000 (  26)                 STR   R2 R0 #0
(3018) 103F  0001000000111111 (  27)                 ADD   R0 R0 #-1
(3019) 7600  0111011000000000 (  28)                 STR   R3 R0 #0
(301A) 1021  0001000000100001 (  29)                 ADD   R0 R0 #1
(301B) 127F  0001001001111111 (  30) Rorder          ADD   R1 R1 #-1
(301C) 0FF2  0000111111110010 (  31)                 BRNZP LOOP3
(301D) 1FFF  0001111111111111 (  32) NEXT3           ADD   R7 R7 #-1
(301E) 0FED  0000111111101101 (  33)                 BRNZP LOOP2
(301F) 2020  0010000000100000 (  35) NEXT2           LD    R0 orderscore
(3020) 5260  0101001001100000 (  36)                 AND   R1 R1 #0
(3021) 54A0  0101010010100000 (  37)                 AND   R2 R2 #0
(3022) 2622  0010011000100010 (  38)                 LD    R3 n
(3023) 16E1  0001011011100001 (  39)                 ADD   R3 R3 #1
(3024) 0417  0000010000010111 (  40) LOOP4           BRZ   FINE
(3025) 6800  0110100000000000 (  41)                 LDR   R4 R0 #0
(3026) 2C1C  0010110000011100 (  42)                 LD    R6 A
(3027) 2E1C  0010111000011100 (  43)                 LD    R7 B
(3028) 993F  1001100100111111 (  44)                 NOT   R4 R4
(3029) 1921  0001100100100001 (  45)                 ADD   R4 R4 #1
(302A) 1D84  0001110110000100 (  46)                 ADD   R6 R6 R4
(302B) 9A3F  1001101000111111 (  47)                 NOT   R5 R0
(302C) 1B61  0001101101100001 (  48)                 ADD   R5 R5 #1
(302D) 0205  0000001000000101 (  49)                 BRP   Ad
(302E) 2C17  0010110000010111 (  50)                 LD    R6 Aend
(302F) 1D85  0001110110000101 (  51)                 ADD   R6 R6 R5
(3030) 0802  0000100000000010 (  52)                 BRN   Ad
(3031) 1261  0001001001100001 (  53)                 ADD   R1 R1 #1
(3032) 0E06  0000111000000110 (  54)                 BRNZP EEnd
(3033) 1FC4  0001111111000100 (  55) Ad              ADD   R7 R7 R4
(3034) 0204  0000001000000100 (  56)                 BRP   EEnd
(3035) 2E11  0010111000010001 (  57)                 LD    R7 Bend
(3036) 1FC5  0001111111000101 (  58)                 ADD   R7 R7 R5
(3037) 0801  0000100000000001 (  59)                 BRN   EEnd
(3038) 14A1  0001010010100001 (  60)                 ADD   R2 R2 #1
(3039) 1021  0001000000100001 (  61) EEnd            ADD   R0 R0 #1
(303A) 16FF  0001011011111111 (  62)                 ADD   R3 R3 #-1
(303B) 0FE8  0000111111101000 (  63)                 BRNZP LOOP4
(303C) B204  1011001000000100 (  64) FINE            STI   R1 Ascore
(303D) B404  1011010000000100 (  65)                 STI   R2 Bscore
(303E) F025  1111000000100101 (  67)                 TRAP  x25
(303F) 3200  0011001000000000 (  69) score           .FILL x3200
(3040) 4000  0100000000000000 (  70) orderscore      .FILL x4000
(3041) 4100  0100000100000000 (  71) Ascore          .FILL x4100
(3042) 4101  0100000100000001 (  72) Bscore          .FILL x4101
(3043) 0055  0000000001010101 (  73) A               .FILL x0055
(3044) 004B  0000000001001011 (  74) B               .FILL x004B
(3045) 000F  0000000000001111 (  75) n               .FILL x000F
(3046) 4003  0100000000000011 (  76) Aend            .FILL x4003
(3047) 4007  0100000000000111 (  77) Bend            .FILL x4007
